[Info  - 02:02:36.69] Starting TS Server 
[Info  - 02:02:36.69] Using tsserver from: /root/.vscode-server/bin/f30a9b73e8ffc278e71575118b6bf568f04587c8/extensions/node_modules/typescript/lib/tsserver.js
[Info  - 02:02:36.71] <syntax> Forking...
[Info  - 02:02:36.80] <syntax> Starting...
[Info  - 02:02:36.81] <semantic> Forking...
[Info  - 02:02:36.98] <semantic> Starting...
[Info  - 02:08:27.96] TSServer exited
[Info  - 02:08:27.99] Starting TS Server 
[Info  - 02:08:27.99] Using tsserver from: /root/.vscode-server/bin/f30a9b73e8ffc278e71575118b6bf568f04587c8/extensions/node_modules/typescript/lib/tsserver.js
[Info  - 02:08:27.106] <syntax> Forking...
[Info  - 02:08:27.118] <syntax> Starting...
[Info  - 02:08:27.118] <semantic> Forking...
[Info  - 02:08:27.128] <semantic> Starting...
[Info  - 02:12:41.242] TSServer exited
[Info  - 02:12:41.245] Starting TS Server 
[Info  - 02:12:41.245] Using tsserver from: /root/.vscode-server/bin/f30a9b73e8ffc278e71575118b6bf568f04587c8/extensions/node_modules/typescript/lib/tsserver.js
[Info  - 02:12:41.254] <syntax> Forking...
[Info  - 02:12:41.266] <syntax> Starting...
[Info  - 02:12:41.266] <semantic> Forking...
[Info  - 02:12:41.276] <semantic> Starting...
[Info  - 05:32:05.239] TSServer exited
[Info  - 05:32:05.240] Starting TS Server 
[Info  - 05:32:05.240] Not starting server. Disposed 
