[Info  - 17:01:15.280] Starting TS Server 
[Info  - 17:01:15.280] Using tsserver from: /root/.vscode-server/bin/42e27fe5cdc58539dad9867970326a297eb8cacf/extensions/node_modules/typescript/lib/tsserver.js
[Info  - 17:01:15.281] <syntax> Forking...
[Info  - 17:01:15.285] <syntax> Starting...
[Info  - 17:01:15.286] <semantic> Forking...
[Info  - 17:01:15.293] <semantic> Starting...
[Info  - 17:28:27.434] TSServer exited
[Info  - 17:28:27.438] Starting TS Server 
[Info  - 17:28:27.438] Using tsserver from: /root/.vscode-server/bin/42e27fe5cdc58539dad9867970326a297eb8cacf/extensions/node_modules/typescript/lib/tsserver.js
[Info  - 17:28:27.447] <syntax> Forking...
[Info  - 17:28:27.467] <syntax> Starting...
[Info  - 17:28:27.469] <semantic> Forking...
[Info  - 17:28:27.489] <semantic> Starting...
[Info  - 17:54:46.744] TSServer exited
[Info  - 17:54:46.752] Starting TS Server 
[Info  - 17:54:46.752] Using tsserver from: /root/.vscode-server/bin/42e27fe5cdc58539dad9867970326a297eb8cacf/extensions/node_modules/typescript/lib/tsserver.js
[Info  - 17:54:46.761] <syntax> Forking...
[Info  - 17:54:46.770] <syntax> Starting...
[Info  - 17:54:46.770] <semantic> Forking...
[Info  - 17:54:46.777] <semantic> Starting...
[Info  - 22:43:16.320] TSServer exited
[Info  - 22:43:16.321] Starting TS Server 
[Info  - 22:43:16.321] Not starting server. Disposed 
