Looking for git in: git
Using git 2.17.1 from git
> git rev-parse --git-dir
Open repository: /root/ping-pong-bot
> git fetch
> git status -z -u
> git symbolic-ref --short HEAD
> git for-each-ref --format=%(refname)%00%(upstream:short)%00%(upstream:track)%00%(objectname) refs/heads/master refs/remotes/master
Warning: Permanently added the RSA host key for IP address '140.82.114.4' to the list of known hosts.
git@github.com: Permission denied (publickey).
fatal: Could not read from remote repository.

Please make sure you have the correct access rights
and the repository exists.
> git for-each-ref --sort -committerdate --format %(refname) %(objectname) %(*objectname)
> git remote --verbose
> git config --get commit.template
> git check-ignore -v -z --stdin
> git show --textconv :my-bot/commands/music/play.js
> git ls-files --stage -- /root/ping-pong-bot/my-bot/commands/music/play.js
> git cat-file -s 67c48a7e97f2aeb5b3baeb507707842f1bc8d635
