Looking for git in: git
Using git 2.17.1 from git
> git rev-parse --git-dir
Open repository: /root/ping-pong-bot
> git status -z -u
> git symbolic-ref --short HEAD
> git for-each-ref --format=%(refname)%00%(upstream:short)%00%(upstream:track)%00%(objectname) refs/heads/master refs/remotes/master
> git for-each-ref --sort -committerdate --format %(refname) %(objectname) %(*objectname)
> git remote --verbose
> git config --get commit.template
> git check-ignore -v -z --stdin
> git show --textconv :my-bot/package.json
> git ls-files --stage -- /root/ping-pong-bot/my-bot/package.json
> git fetch
> git status -z -u
> git symbolic-ref --short HEAD
> git for-each-ref --format=%(refname)%00%(upstream:short)%00%(upstream:track)%00%(objectname) refs/heads/master refs/remotes/master
> git for-each-ref --sort -committerdate --format %(refname) %(objectname) %(*objectname)
> git remote --verbose
> git config --get commit.template
> git ls-files --stage -- /root/ping-pong-bot/my-bot/package.json
> git show --textconv :my-bot/package.json
> git show --textconv :my-bot/index.js
> git ls-files --stage -- /root/ping-pong-bot/my-bot/index.js
> git cat-file -s 5760acf5dd8f29d94ed2f3004e47bafb91a5a997
> git fetch
> git status -z -u
> git symbolic-ref --short HEAD
> git for-each-ref --format=%(refname)%00%(upstream:short)%00%(upstream:track)%00%(objectname) refs/heads/master refs/remotes/master
> git for-each-ref --sort -committerdate --format %(refname) %(objectname) %(*objectname)
> git remote --verbose
> git config --get commit.template
> git ls-files --stage -- /root/ping-pong-bot/my-bot/index.js
> git cat-file -s 5760acf5dd8f29d94ed2f3004e47bafb91a5a997
> git show --textconv :my-bot/index.js
> git fetch
> git status -z -u
> git symbolic-ref --short HEAD
> git for-each-ref --format=%(refname)%00%(upstream:short)%00%(upstream:track)%00%(objectname) refs/heads/master refs/remotes/master
> git for-each-ref --sort -committerdate --format %(refname) %(objectname) %(*objectname)
> git remote --verbose
> git config --get commit.template
> git ls-files --stage -- /root/ping-pong-bot/my-bot/index.js
> git cat-file -s 5760acf5dd8f29d94ed2f3004e47bafb91a5a997
> git show --textconv :my-bot/index.js
> git fetch
> git status -z -u
> git symbolic-ref --short HEAD
> git for-each-ref --format=%(refname)%00%(upstream:short)%00%(upstream:track)%00%(objectname) refs/heads/master refs/remotes/master
> git for-each-ref --sort -committerdate --format %(refname) %(objectname) %(*objectname)
> git remote --verbose
> git config --get commit.template
> git ls-files --stage -- /root/ping-pong-bot/my-bot/index.js
> git cat-file -s 5760acf5dd8f29d94ed2f3004e47bafb91a5a997
> git show --textconv :my-bot/index.js
> git fetch
> git status -z -u
> git symbolic-ref --short HEAD
> git for-each-ref --format=%(refname)%00%(upstream:short)%00%(upstream:track)%00%(objectname) refs/heads/master refs/remotes/master
> git for-each-ref --sort -committerdate --format %(refname) %(objectname) %(*objectname)
> git remote --verbose
> git config --get commit.template
> git ls-files --stage -- /root/ping-pong-bot/my-bot/index.js
> git cat-file -s 5760acf5dd8f29d94ed2f3004e47bafb91a5a997
> git show --textconv :my-bot/index.js
> git check-ignore -v -z --stdin
> git check-ignore -v -z --stdin
> git check-ignore -v -z --stdin
