[2021-03-08 12:49:17.545] [exthost] [info] extension host started
[2021-03-08 12:49:17.686] [exthost] [info] ExtensionService#_doActivateExtension vscode.typescript-language-features {"startup":false,"extensionId":{"value":"vscode.typescript-language-features","_lower":"vscode.typescript-language-features"},"activationEvent":"onLanguage:javascript"}
[2021-03-08 12:49:17.687] [exthost] [info] ExtensionService#loadCommonJSModule file:///root/.vscode-server/bin/f30a9b73e8ffc278e71575118b6bf568f04587c8/extensions/typescript-language-features/dist/extension
[2021-03-08 12:49:17.755] [exthost] [info] ExtensionService#_doActivateExtension vscode.debug-auto-launch {"startup":true,"extensionId":{"value":"vscode.debug-auto-launch","_lower":"vscode.debug-auto-launch"},"activationEvent":"*"}
[2021-03-08 12:49:17.757] [exthost] [info] ExtensionService#loadCommonJSModule file:///root/.vscode-server/bin/f30a9b73e8ffc278e71575118b6bf568f04587c8/extensions/debug-auto-launch/dist/extension
[2021-03-08 12:49:17.762] [exthost] [info] ExtensionService#_doActivateExtension vscode.git {"startup":true,"extensionId":{"value":"vscode.github","_lower":"vscode.github"},"activationEvent":"*"}
[2021-03-08 12:49:17.762] [exthost] [info] ExtensionService#loadCommonJSModule file:///root/.vscode-server/bin/f30a9b73e8ffc278e71575118b6bf568f04587c8/extensions/git/dist/main
[2021-03-08 12:49:18.645] [exthost] [info] ExtensionService#_doActivateExtension vscode.github {"startup":true,"extensionId":{"value":"vscode.github","_lower":"vscode.github"},"activationEvent":"*"}
[2021-03-08 12:49:18.651] [exthost] [info] ExtensionService#loadCommonJSModule file:///root/.vscode-server/bin/f30a9b73e8ffc278e71575118b6bf568f04587c8/extensions/github/dist/extension.js
[2021-03-08 12:49:18.955] [exthost] [info] ExtensionService#_doActivateExtension vscode.emmet {"startup":false,"extensionId":{"value":"vscode.emmet","_lower":"vscode.emmet"},"activationEvent":"onStartupFinished"}
[2021-03-08 12:49:18.956] [exthost] [info] ExtensionService#loadCommonJSModule file:///root/.vscode-server/bin/f30a9b73e8ffc278e71575118b6bf568f04587c8/extensions/emmet/dist/node/emmetNodeMain
[2021-03-08 12:49:19.041] [exthost] [info] ExtensionService#_doActivateExtension vscode.merge-conflict {"startup":false,"extensionId":{"value":"vscode.merge-conflict","_lower":"vscode.merge-conflict"},"activationEvent":"onStartupFinished"}
[2021-03-08 12:49:19.050] [exthost] [info] ExtensionService#loadCommonJSModule file:///root/.vscode-server/bin/f30a9b73e8ffc278e71575118b6bf568f04587c8/extensions/merge-conflict/dist/mergeConflictMain
[2021-03-08 12:49:19.079] [exthost] [info] ExtensionService#_doActivateExtension vscode.testing-editor-contributions {"startup":false,"extensionId":{"value":"vscode.testing-editor-contributions","_lower":"vscode.testing-editor-contributions"},"activationEvent":"onStartupFinished"}
[2021-03-08 12:49:19.080] [exthost] [info] ExtensionService#loadCommonJSModule file:///root/.vscode-server/bin/f30a9b73e8ffc278e71575118b6bf568f04587c8/extensions/testing-editor-contributions/dist/extension.js
[2021-03-08 12:49:19.087] [exthost] [info] eager extensions activated
[2021-03-08 12:49:19.800] [exthost] [warning] [Decorations] CAPPING events from decorations provider vscode.git 5000
[2021-03-08 12:49:25.408] [exthost] [info] ExtensionService#_doActivateExtension ms-vscode.js-debug {"startup":false,"extensionId":{"value":"ms-vscode.js-debug","_lower":"ms-vscode.js-debug"},"activationEvent":"onCommand:extension.js-debug.clearAutoAttachVariables"}
[2021-03-08 12:49:25.412] [exthost] [info] ExtensionService#loadCommonJSModule file:///root/.vscode-server/bin/f30a9b73e8ffc278e71575118b6bf568f04587c8/extensions/ms-vscode.js-debug/src/extension.js
[2021-03-08 12:49:26.805] [exthost] [warning] [Decorations] CAPPING events from decorations provider vscode.git 5000
[2021-03-08 12:49:44.418] [exthost] [info] ExtensionService#_doActivateExtension vscode.extension-editing {"startup":false,"extensionId":{"value":"vscode.extension-editing","_lower":"vscode.extension-editing"},"activationEvent":"onLanguage:typescript"}
[2021-03-08 12:49:44.418] [exthost] [info] ExtensionService#loadCommonJSModule file:///root/.vscode-server/bin/f30a9b73e8ffc278e71575118b6bf568f04587c8/extensions/extension-editing/dist/extensionEditingMain
[2021-03-08 12:52:49.015] [exthost] [warning] [Decorations] CAPPING events from decorations provider vscode.git 5000
[2021-03-08 12:57:09.014] [exthost] [warning] [Decorations] CAPPING events from decorations provider vscode.git 5000
[2021-03-08 13:00:49.751] [exthost] [warning] [Decorations] CAPPING events from decorations provider vscode.git 5000
[2021-03-08 13:03:51.868] [exthost] [warning] [Decorations] CAPPING events from decorations provider vscode.git 5000
[2021-03-08 13:06:54.191] [exthost] [warning] [Decorations] CAPPING events from decorations provider vscode.git 5000
[2021-03-08 13:09:58.176] [exthost] [warning] [Decorations] CAPPING events from decorations provider vscode.git 5001
[2021-03-08 13:10:41.715] [exthost] [error] [vscode.typescript-language-features] provider FAILED
[2021-03-08 13:10:41.718] [exthost] [error] Error [ERR_STREAM_DESTROYED]: Cannot call write after a stream was destroyed
	at doWrite (_stream_writable.js:399:19)
	at writeOrBuffer (_stream_writable.js:387:5)
	at Socket.Writable.write (_stream_writable.js:318:11)
	at m.write (/root/.vscode-server/bin/f30a9b73e8ffc278e71575118b6bf568f04587c8/extensions/typescript-language-features/dist/extension.js:45:61197)
	at p.write (/root/.vscode-server/bin/f30a9b73e8ffc278e71575118b6bf568f04587c8/extensions/typescript-language-features/dist/extension.js:1:45609)
	at p.sendRequest (/root/.vscode-server/bin/f30a9b73e8ffc278e71575118b6bf568f04587c8/extensions/typescript-language-features/dist/extension.js:1:48014)
	at p.sendNextRequests (/root/.vscode-server/bin/f30a9b73e8ffc278e71575118b6bf568f04587c8/extensions/typescript-language-features/dist/extension.js:1:47795)
	at p.executeImpl (/root/.vscode-server/bin/f30a9b73e8ffc278e71575118b6bf568f04587c8/extensions/typescript-language-features/dist/extension.js:1:47642)
	at h.execute (/root/.vscode-server/bin/f30a9b73e8ffc278e71575118b6bf568f04587c8/extensions/typescript-language-features/dist/extension.js:1:49190)
	at g.executeImpl (/root/.vscode-server/bin/f30a9b73e8ffc278e71575118b6bf568f04587c8/extensions/typescript-language-features/dist/extension.js:1:52076)
	at k.executeImpl (/root/.vscode-server/bin/f30a9b73e8ffc278e71575118b6bf568f04587c8/extensions/typescript-language-features/dist/extension.js:1:209939)
	at k.execute (/root/.vscode-server/bin/f30a9b73e8ffc278e71575118b6bf568f04587c8/extensions/typescript-language-features/dist/extension.js:1:209383)
	at c._provideSemanticTokens (/root/.vscode-server/bin/f30a9b73e8ffc278e71575118b6bf568f04587c8/extensions/typescript-language-features/dist/extension.js:1:185160)
	at c.provideDocumentRangeSemanticTokens (/root/.vscode-server/bin/f30a9b73e8ffc278e71575118b6bf568f04587c8/extensions/typescript-language-features/dist/extension.js:1:184984)
	at /root/.vscode-server/bin/f30a9b73e8ffc278e71575118b6bf568f04587c8/out/vs/server/remoteExtensionHostProcess.js:87:166926
	at /root/.vscode-server/bin/f30a9b73e8ffc278e71575118b6bf568f04587c8/out/vs/server/remoteExtensionHostProcess.js:57:7538
	at new Promise (<anonymous>)
	at Object.p [as asPromise] (/root/.vscode-server/bin/f30a9b73e8ffc278e71575118b6bf568f04587c8/out/vs/server/remoteExtensionHostProcess.js:57:7510)
	at N.provideDocumentRangeSemanticTokens (/root/.vscode-server/bin/f30a9b73e8ffc278e71575118b6bf568f04587c8/out/vs/server/remoteExtensionHostProcess.js:87:166897)
	at /root/.vscode-server/bin/f30a9b73e8ffc278e71575118b6bf568f04587c8/out/vs/server/remoteExtensionHostProcess.js:87:185600
	at Se._withAdapter (/root/.vscode-server/bin/f30a9b73e8ffc278e71575118b6bf568f04587c8/out/vs/server/remoteExtensionHostProcess.js:87:176060)
	at Se.$provideDocumentRangeSemanticTokens (/root/.vscode-server/bin/f30a9b73e8ffc278e71575118b6bf568f04587c8/out/vs/server/remoteExtensionHostProcess.js:87:185576)
	at u._doInvokeHandler (/root/.vscode-server/bin/f30a9b73e8ffc278e71575118b6bf568f04587c8/out/vs/server/remoteExtensionHostProcess.js:90:10509)
	at u._invokeHandler (/root/.vscode-server/bin/f30a9b73e8ffc278e71575118b6bf568f04587c8/out/vs/server/remoteExtensionHostProcess.js:90:10201)
	at u._receiveRequest (/root/.vscode-server/bin/f30a9b73e8ffc278e71575118b6bf568f04587c8/out/vs/server/remoteExtensionHostProcess.js:90:8820)
	at u._receiveOneMessage (/root/.vscode-server/bin/f30a9b73e8ffc278e71575118b6bf568f04587c8/out/vs/server/remoteExtensionHostProcess.js:90:7673)
	at /root/.vscode-server/bin/f30a9b73e8ffc278e71575118b6bf568f04587c8/out/vs/server/remoteExtensionHostProcess.js:90:5782
	at p.fire (/root/.vscode-server/bin/f30a9b73e8ffc278e71575118b6bf568f04587c8/out/vs/server/remoteExtensionHostProcess.js:57:1836)
	at g.fire (/root/.vscode-server/bin/f30a9b73e8ffc278e71575118b6bf568f04587c8/out/vs/server/remoteExtensionHostProcess.js:65:15443)
	at /root/.vscode-server/bin/f30a9b73e8ffc278e71575118b6bf568f04587c8/out/vs/server/remoteExtensionHostProcess.js:106:29119
	at p.fire (/root/.vscode-server/bin/f30a9b73e8ffc278e71575118b6bf568f04587c8/out/vs/server/remoteExtensionHostProcess.js:57:1836)
	at g.fire (/root/.vscode-server/bin/f30a9b73e8ffc278e71575118b6bf568f04587c8/out/vs/server/remoteExtensionHostProcess.js:65:15443)
	at t._receiveMessage (/root/.vscode-server/bin/f30a9b73e8ffc278e71575118b6bf568f04587c8/out/vs/server/remoteExtensionHostProcess.js:65:20693)
	at /root/.vscode-server/bin/f30a9b73e8ffc278e71575118b6bf568f04587c8/out/vs/server/remoteExtensionHostProcess.js:65:19791
	at p.fire (/root/.vscode-server/bin/f30a9b73e8ffc278e71575118b6bf568f04587c8/out/vs/server/remoteExtensionHostProcess.js:57:1836)
	at l.acceptChunk (/root/.vscode-server/bin/f30a9b73e8ffc278e71575118b6bf568f04587c8/out/vs/server/remoteExtensionHostProcess.js:65:12808)
	at /root/.vscode-server/bin/f30a9b73e8ffc278e71575118b6bf568f04587c8/out/vs/server/remoteExtensionHostProcess.js:65:12156
	at p.fire (/root/.vscode-server/bin/f30a9b73e8ffc278e71575118b6bf568f04587c8/out/vs/server/remoteExtensionHostProcess.js:57:1836)
	at /root/.vscode-server/bin/f30a9b73e8ffc278e71575118b6bf568f04587c8/out/vs/server/remoteExtensionHostProcess.js:106:18119
	at afterWrite (_stream_writable.js:490:5)
	at onwrite (_stream_writable.js:470:7)
	at InflateRaw.afterTransform (_stream_transform.js:98:3)
	at Zlib.processCallback (zlib.js:578:8)
[2021-03-08 13:11:40.931] [exthost] [error] [vscode.typescript-language-features] provider FAILED
[2021-03-08 13:11:40.932] [exthost] [error] Error: <semantic> TypeScript Server Error (4.2.2)
Debug Failure. False expression: Token end is child end
Error: Debug Failure. False expression: Token end is child end
    at processChildNode (/root/.vscode-server/bin/f30a9b73e8ffc278e71575118b6bf568f04587c8/extensions/node_modules/typescript/lib/tsserver.js:132971:38)
    at /root/.vscode-server/bin/f30a9b73e8ffc278e71575118b6bf568f04587c8/extensions/node_modules/typescript/lib/tsserver.js:132903:21
    at visitNode (/root/.vscode-server/bin/f30a9b73e8ffc278e71575118b6bf568f04587c8/extensions/node_modules/typescript/lib/tsserver.js:28014:24)
    at Object.forEachChild (/root/.vscode-server/bin/f30a9b73e8ffc278e71575118b6bf568f04587c8/extensions/node_modules/typescript/lib/tsserver.js:28069:21)
    at processNode (/root/.vscode-server/bin/f30a9b73e8ffc278e71575118b6bf568f04587c8/extensions/node_modules/typescript/lib/tsserver.js:132902:20)
    at processChildNode (/root/.vscode-server/bin/f30a9b73e8ffc278e71575118b6bf568f04587c8/extensions/node_modules/typescript/lib/tsserver.js:132978:21)
    at processChildNodes (/root/.vscode-server/bin/f30a9b73e8ffc278e71575118b6bf568f04587c8/extensions/node_modules/typescript/lib/tsserver.js:133041:48)
    at /root/.vscode-server/bin/f30a9b73e8ffc278e71575118b6bf568f04587c8/extensions/node_modules/typescript/lib/tsserver.js:132905:21
    at visitNodes (/root/.vscode-server/bin/f30a9b73e8ffc278e71575118b6bf568f04587c8/extensions/node_modules/typescript/lib/tsserver.js:28019:24)
    at Object.forEachChild (/root/.vscode-server/bin/f30a9b73e8ffc278e71575118b6bf568f04587c8/extensions/node_modules/typescript/lib/tsserver.js:28199:24)
    at processNode (/root/.vscode-server/bin/f30a9b73e8ffc278e71575118b6bf568f04587c8/extensions/node_modules/typescript/lib/tsserver.js:132902:20)
    at processChildNode (/root/.vscode-server/bin/f30a9b73e8ffc278e71575118b6bf568f04587c8/extensions/node_modules/typescript/lib/tsserver.js:132978:21)
    at /root/.vscode-server/bin/f30a9b73e8ffc278e71575118b6bf568f04587c8/extensions/node_modules/typescript/lib/tsserver.js:132903:21
    at visitNode (/root/.vscode-server/bin/f30a9b73e8ffc278e71575118b6bf568f04587c8/extensions/node_modules/typescript/lib/tsserver.js:28014:24)
    at Object.forEachChild (/root/.vscode-server/bin/f30a9b73e8ffc278e71575118b6bf568f04587c8/extensions/node_modules/typescript/lib/tsserver.js:28210:24)
    at processNode (/root/.vscode-server/bin/f30a9b73e8ffc278e71575118b6bf568f04587c8/extensions/node_modules/typescript/lib/tsserver.js:132902:20)
    at processChildNode (/root/.vscode-server/bin/f30a9b73e8ffc278e71575118b6bf568f04587c8/extensions/node_modules/typescript/lib/tsserver.js:132978:21)
    at /root/.vscode-server/bin/f30a9b73e8ffc278e71575118b6bf568f04587c8/extensions/node_modules/typescript/lib/tsserver.js:132903:21
    at visitNode (/root/.vscode-server/bin/f30a9b73e8ffc278e71575118b6bf568f04587c8/extensions/node_modules/typescript/lib/tsserver.js:28014:24)
    at Object.forEachChild (/root/.vscode-server/bin/f30a9b73e8ffc278e71575118b6bf568f04587c8/extensions/node_modules/typescript/lib/tsserver.js:28108:21)
    at processNode (/root/.vscode-server/bin/f30a9b73e8ffc278e71575118b6bf568f04587c8/extensions/node_modules/typescript/lib/tsserver.js:132902:20)
    at processChildNode (/root/.vscode-server/bin/f30a9b73e8ffc278e71575118b6bf568f04587c8/extensions/node_modules/typescript/lib/tsserver.js:132978:21)
    at processChildNodes (/root/.vscode-server/bin/f30a9b73e8ffc278e71575118b6bf568f04587c8/extensions/node_modules/typescript/lib/tsserver.js:133041:48)
    at /root/.vscode-server/bin/f30a9b73e8ffc278e71575118b6bf568f04587c8/extensions/node_modules/typescript/lib/tsserver.js:132905:21
    at visitNodes (/root/.vscode-server/bin/f30a9b73e8ffc278e71575118b6bf568f04587c8/extensions/node_modules/typescript/lib/tsserver.js:28019:24)
    at Object.forEachChild (/root/.vscode-server/bin/f30a9b73e8ffc278e71575118b6bf568f04587c8/extensions/node_modules/typescript/lib/tsserver.js:28269:24)
    at processNode (/root/.vscode-server/bin/f30a9b73e8ffc278e71575118b6bf568f04587c8/extensions/node_modules/typescript/lib/tsserver.js:132902:20)
    at processChildNode (/root/.vscode-server/bin/f30a9b73e8ffc278e71575118b6bf568f04587c8/extensions/node_modules/typescript/lib/tsserver.js:132978:21)
    at /root/.vscode-server/bin/f30a9b73e8ffc278e71575118b6bf568f04587c8/extensions/node_modules/typescript/lib/tsserver.js:132903:21
    at visitNode (/root/.vscode-server/bin/f30a9b73e8ffc278e71575118b6bf568f04587c8/extensions/node_modules/typescript/lib/tsserver.js:28014:24)
    at Object.forEachChild (/root/.vscode-server/bin/f30a9b73e8ffc278e71575118b6bf568f04587c8/extensions/node_modules/typescript/lib/tsserver.js:28267:21)
    at processNode (/root/.vscode-server/bin/f30a9b73e8ffc278e71575118b6bf568f04587c8/extensions/node_modules/typescript/lib/tsserver.js:132902:20)
    at formatSpanWorker (/root/.vscode-server/bin/f30a9b73e8ffc278e71575118b6bf568f04587c8/extensions/node_modules/typescript/lib/tsserver.js:132712:17)
    at /root/.vscode-server/bin/f30a9b73e8ffc278e71575118b6bf568f04587c8/extensions/node_modules/typescript/lib/tsserver.js:132676:140
    at Object.getFormattingScanner (/root/.vscode-server/bin/f30a9b73e8ffc278e71575118b6bf568f04587c8/extensions/node_modules/typescript/lib/tsserver.js:131299:23)
    at Object.formatNodeGivenIndentation (/root/.vscode-server/bin/f30a9b73e8ffc278e71575118b6bf568f04587c8/extensions/node_modules/typescript/lib/tsserver.js:132676:31)
    at getFormattedTextOfNode (/root/.vscode-server/bin/f30a9b73e8ffc278e71575118b6bf568f04587c8/extensions/node_modules/typescript/lib/tsserver.js:134968:45)
    at format (/root/.vscode-server/bin/f30a9b73e8ffc278e71575118b6bf568f04587c8/extensions/node_modules/typescript/lib/tsserver.js:134938:52)
    at /root/.vscode-server/bin/f30a9b73e8ffc278e71575118b6bf568f04587c8/extensions/node_modules/typescript/lib/tsserver.js:134940:78
    at Array.map (<anonymous>)
    at computeNewText (/root/.vscode-server/bin/f30a9b73e8ffc278e71575118b6bf568f04587c8/extensions/node_modules/typescript/lib/tsserver.js:134940:36)
    at /root/.vscode-server/bin/f30a9b73e8ffc278e71575118b6bf568f04587c8/extensions/node_modules/typescript/lib/tsserver.js:134906:39
    at Object.mapDefined (/root/.vscode-server/bin/f30a9b73e8ffc278e71575118b6bf568f04587c8/extensions/node_modules/typescript/lib/tsserver.js:612:30)
    at /root/.vscode-server/bin/f30a9b73e8ffc278e71575118b6bf568f04587c8/extensions/node_modules/typescript/lib/tsserver.js:134904:42
    at Object.mapDefined (/root/.vscode-server/bin/f30a9b73e8ffc278e71575118b6bf568f04587c8/extensions/node_modules/typescript/lib/tsserver.js:612:30)
    at Object.getTextChangesFromChanges (/root/.vscode-server/bin/f30a9b73e8ffc278e71575118b6bf568f04587c8/extensions/node_modules/typescript/lib/tsserver.js:134890:27)
    at ChangeTracker.getChanges (/root/.vscode-server/bin/f30a9b73e8ffc278e71575118b6bf568f04587c8/extensions/node_modules/typescript/lib/tsserver.js:134858:45)
    at Function.ChangeTracker.with (/root/.vscode-server/bin/f30a9b73e8ffc278e71575118b6bf568f04587c8/extensions/node_modules/typescript/lib/tsserver.js:134311:32)
    at Object.getCodeActions (/root/.vscode-server/bin/f30a9b73e8ffc278e71575118b6bf568f04587c8/extensions/node_modules/typescript/lib/tsserver.js:137095:64)
    at /root/.vscode-server/bin/f30a9b73e8ffc278e71575118b6bf568f04587c8/extensions/node_modules/typescript/lib/tsserver.js:135484:77
    at Object.flatMap (/root/.vscode-server/bin/f30a9b73e8ffc278e71575118b6bf568f04587c8/extensions/node_modules/typescript/lib/tsserver.js:515:25)
    at Object.getFixes (/root/.vscode-server/bin/f30a9b73e8ffc278e71575118b6bf568f04587c8/extensions/node_modules/typescript/lib/tsserver.js:135484:23)
    at /root/.vscode-server/bin/f30a9b73e8ffc278e71575118b6bf568f04587c8/extensions/node_modules/typescript/lib/tsserver.js:149550:35
    at Object.flatMap (/root/.vscode-server/bin/f30a9b73e8ffc278e71575118b6bf568f04587c8/extensions/node_modules/typescript/lib/tsserver.js:515:25)
    at Proxy.getCodeFixesAtPosition (/root/.vscode-server/bin/f30a9b73e8ffc278e71575118b6bf568f04587c8/extensions/node_modules/typescript/lib/tsserver.js:149548:23)
    at IOSession.Session.getCodeFixes (/root/.vscode-server/bin/f30a9b73e8ffc278e71575118b6bf568f04587c8/extensions/node_modules/typescript/lib/tsserver.js:160628:64)
    at Session.handlers.ts.Map.ts.getEntries._a.<computed> (/root/.vscode-server/bin/f30a9b73e8ffc278e71575118b6bf568f04587c8/extensions/node_modules/typescript/lib/tsserver.js:159300:61)
    at /root/.vscode-server/bin/f30a9b73e8ffc278e71575118b6bf568f04587c8/extensions/node_modules/typescript/lib/tsserver.js:160928:88
    at IOSession.Session.executeWithRequestId (/root/.vscode-server/bin/f30a9b73e8ffc278e71575118b6bf568f04587c8/extensions/node_modules/typescript/lib/tsserver.js:160919:28)
    at IOSession.Session.executeCommand (/root/.vscode-server/bin/f30a9b73e8ffc278e71575118b6bf568f04587c8/extensions/node_modules/typescript/lib/tsserver.js:160928:33)
    at IOSession.Session.onMessage (/root/.vscode-server/bin/f30a9b73e8ffc278e71575118b6bf568f04587c8/extensions/node_modules/typescript/lib/tsserver.js:160954:35)
    at Interface.<anonymous> (/root/.vscode-server/bin/f30a9b73e8ffc278e71575118b6bf568f04587c8/extensions/node_modules/typescript/lib/tsserver.js:163615:31)
    at Interface.emit (events.js:315:20)
    at Interface._onLine (readline.js:329:10)
    at Interface._normalWrite (readline.js:474:12)
    at Socket.ondata (readline.js:186:10)
    at Socket.emit (events.js:315:20)
    at addChunk (_stream_readable.js:295:12)
    at readableAddChunk (_stream_readable.js:271:9)
    at Socket.Readable.push (_stream_readable.js:212:10)
    at Pipe.onStreamRead (internal/stream_base_commons.js:186:23)
	at Function.create (/root/.vscode-server/bin/f30a9b73e8ffc278e71575118b6bf568f04587c8/extensions/typescript-language-features/dist/extension.js:1:53089)
	at p.dispatchResponse (/root/.vscode-server/bin/f30a9b73e8ffc278e71575118b6bf568f04587c8/extensions/typescript-language-features/dist/extension.js:1:46964)
	at p.dispatchMessage (/root/.vscode-server/bin/f30a9b73e8ffc278e71575118b6bf568f04587c8/extensions/typescript-language-features/dist/extension.js:1:45823)
	at /root/.vscode-server/bin/f30a9b73e8ffc278e71575118b6bf568f04587c8/extensions/typescript-language-features/dist/extension.js:1:45333
	at p.fire (/root/.vscode-server/bin/f30a9b73e8ffc278e71575118b6bf568f04587c8/out/vs/server/remoteExtensionHostProcess.js:57:1836)
	at g.onLengthData (/root/.vscode-server/bin/f30a9b73e8ffc278e71575118b6bf568f04587c8/extensions/typescript-language-features/dist/extension.js:45:60030)
	at Socket.<anonymous> (/root/.vscode-server/bin/f30a9b73e8ffc278e71575118b6bf568f04587c8/extensions/typescript-language-features/dist/extension.js:45:59678)
	at Socket.emit (events.js:315:20)
	at addChunk (_stream_readable.js:295:12)
	at readableAddChunk (_stream_readable.js:271:9)
	at Socket.Readable.push (_stream_readable.js:212:10)
	at Pipe.onStreamRead (internal/stream_base_commons.js:186:23)
[2021-03-08 13:13:04.106] [exthost] [warning] [Decorations] CAPPING events from decorations provider vscode.git 5000
[2021-03-08 13:16:06.296] [exthost] [warning] [Decorations] CAPPING events from decorations provider vscode.git 5000
[2021-03-08 13:19:17.738] [exthost] [warning] [Decorations] CAPPING events from decorations provider vscode.git 5000
[2021-03-08 13:22:19.968] [exthost] [warning] [Decorations] CAPPING events from decorations provider vscode.git 5000
[2021-03-08 13:25:25.418] [exthost] [warning] [Decorations] CAPPING events from decorations provider vscode.git 5000
[2021-03-08 13:36:35.649] [exthost] [warning] [Decorations] CAPPING events from decorations provider vscode.git 5000
[2021-03-08 13:42:06.377] [exthost] [warning] [Decorations] CAPPING events from decorations provider vscode.git 5000
[2021-03-08 13:51:32.306] [exthost] [warning] [Decorations] CAPPING events from decorations provider vscode.git 5000
[2021-03-08 14:00:16.365] [exthost] [warning] [Decorations] CAPPING events from decorations provider vscode.git 5000
[2021-03-08 14:08:50.453] [exthost] [warning] [Decorations] CAPPING events from decorations provider vscode.git 5000
[2021-03-08 14:13:07.545] [exthost] [warning] [Decorations] CAPPING events from decorations provider vscode.git 5000
[2021-03-08 14:37:42.289] [exthost] [warning] [Decorations] CAPPING events from decorations provider vscode.git 5000
[2021-03-08 14:40:52.588] [exthost] [warning] [Decorations] CAPPING events from decorations provider vscode.git 5000
[2021-03-08 14:43:54.745] [exthost] [warning] [Decorations] CAPPING events from decorations provider vscode.git 5000
[2021-03-08 14:46:57.550] [exthost] [warning] [Decorations] CAPPING events from decorations provider vscode.git 5000
[2021-03-08 14:49:59.921] [exthost] [warning] [Decorations] CAPPING events from decorations provider vscode.git 5000
[2021-03-08 14:54:22.464] [exthost] [warning] [Decorations] CAPPING events from decorations provider vscode.git 5000
[2021-03-08 14:57:24.547] [exthost] [warning] [Decorations] CAPPING events from decorations provider vscode.git 5000
[2021-03-08 15:00:26.921] [exthost] [warning] [Decorations] CAPPING events from decorations provider vscode.git 5000
[2021-03-08 15:03:40.185] [exthost] [warning] [Decorations] CAPPING events from decorations provider vscode.git 5000
[2021-03-08 15:06:52.338] [exthost] [warning] [Decorations] CAPPING events from decorations provider vscode.git 5000
[2021-03-08 15:10:10.157] [exthost] [warning] [Decorations] CAPPING events from decorations provider vscode.git 5000
[2021-03-08 15:13:13.833] [exthost] [warning] [Decorations] CAPPING events from decorations provider vscode.git 5000
[2021-03-08 15:13:52.436] [exthost] [error] [vscode.typescript-language-features] provider FAILED
[2021-03-08 15:13:52.436] [exthost] [error] Error [ERR_STREAM_DESTROYED]: Cannot call write after a stream was destroyed
	at doWrite (_stream_writable.js:399:19)
	at writeOrBuffer (_stream_writable.js:387:5)
	at Socket.Writable.write (_stream_writable.js:318:11)
	at m.write (/root/.vscode-server/bin/f30a9b73e8ffc278e71575118b6bf568f04587c8/extensions/typescript-language-features/dist/extension.js:45:61197)
	at p.write (/root/.vscode-server/bin/f30a9b73e8ffc278e71575118b6bf568f04587c8/extensions/typescript-language-features/dist/extension.js:1:45609)
	at p.sendRequest (/root/.vscode-server/bin/f30a9b73e8ffc278e71575118b6bf568f04587c8/extensions/typescript-language-features/dist/extension.js:1:48014)
	at p.sendNextRequests (/root/.vscode-server/bin/f30a9b73e8ffc278e71575118b6bf568f04587c8/extensions/typescript-language-features/dist/extension.js:1:47795)
	at p.executeImpl (/root/.vscode-server/bin/f30a9b73e8ffc278e71575118b6bf568f04587c8/extensions/typescript-language-features/dist/extension.js:1:47642)
	at h.execute (/root/.vscode-server/bin/f30a9b73e8ffc278e71575118b6bf568f04587c8/extensions/typescript-language-features/dist/extension.js:1:49190)
	at g.executeImpl (/root/.vscode-server/bin/f30a9b73e8ffc278e71575118b6bf568f04587c8/extensions/typescript-language-features/dist/extension.js:1:52076)
	at k.executeImpl (/root/.vscode-server/bin/f30a9b73e8ffc278e71575118b6bf568f04587c8/extensions/typescript-language-features/dist/extension.js:1:209939)
	at k.execute (/root/.vscode-server/bin/f30a9b73e8ffc278e71575118b6bf568f04587c8/extensions/typescript-language-features/dist/extension.js:1:209383)
	at c._provideSemanticTokens (/root/.vscode-server/bin/f30a9b73e8ffc278e71575118b6bf568f04587c8/extensions/typescript-language-features/dist/extension.js:1:185160)
	at c.provideDocumentRangeSemanticTokens (/root/.vscode-server/bin/f30a9b73e8ffc278e71575118b6bf568f04587c8/extensions/typescript-language-features/dist/extension.js:1:184984)
	at /root/.vscode-server/bin/f30a9b73e8ffc278e71575118b6bf568f04587c8/out/vs/server/remoteExtensionHostProcess.js:87:166926
	at /root/.vscode-server/bin/f30a9b73e8ffc278e71575118b6bf568f04587c8/out/vs/server/remoteExtensionHostProcess.js:57:7538
	at new Promise (<anonymous>)
	at Object.p [as asPromise] (/root/.vscode-server/bin/f30a9b73e8ffc278e71575118b6bf568f04587c8/out/vs/server/remoteExtensionHostProcess.js:57:7510)
	at N.provideDocumentRangeSemanticTokens (/root/.vscode-server/bin/f30a9b73e8ffc278e71575118b6bf568f04587c8/out/vs/server/remoteExtensionHostProcess.js:87:166897)
	at /root/.vscode-server/bin/f30a9b73e8ffc278e71575118b6bf568f04587c8/out/vs/server/remoteExtensionHostProcess.js:87:185600
	at Se._withAdapter (/root/.vscode-server/bin/f30a9b73e8ffc278e71575118b6bf568f04587c8/out/vs/server/remoteExtensionHostProcess.js:87:176060)
	at Se.$provideDocumentRangeSemanticTokens (/root/.vscode-server/bin/f30a9b73e8ffc278e71575118b6bf568f04587c8/out/vs/server/remoteExtensionHostProcess.js:87:185576)
	at u._doInvokeHandler (/root/.vscode-server/bin/f30a9b73e8ffc278e71575118b6bf568f04587c8/out/vs/server/remoteExtensionHostProcess.js:90:10509)
	at u._invokeHandler (/root/.vscode-server/bin/f30a9b73e8ffc278e71575118b6bf568f04587c8/out/vs/server/remoteExtensionHostProcess.js:90:10201)
	at u._receiveRequest (/root/.vscode-server/bin/f30a9b73e8ffc278e71575118b6bf568f04587c8/out/vs/server/remoteExtensionHostProcess.js:90:8820)
	at u._receiveOneMessage (/root/.vscode-server/bin/f30a9b73e8ffc278e71575118b6bf568f04587c8/out/vs/server/remoteExtensionHostProcess.js:90:7673)
	at /root/.vscode-server/bin/f30a9b73e8ffc278e71575118b6bf568f04587c8/out/vs/server/remoteExtensionHostProcess.js:90:5782
	at p.fire (/root/.vscode-server/bin/f30a9b73e8ffc278e71575118b6bf568f04587c8/out/vs/server/remoteExtensionHostProcess.js:57:1836)
	at g.fire (/root/.vscode-server/bin/f30a9b73e8ffc278e71575118b6bf568f04587c8/out/vs/server/remoteExtensionHostProcess.js:65:15443)
	at /root/.vscode-server/bin/f30a9b73e8ffc278e71575118b6bf568f04587c8/out/vs/server/remoteExtensionHostProcess.js:106:29119
	at p.fire (/root/.vscode-server/bin/f30a9b73e8ffc278e71575118b6bf568f04587c8/out/vs/server/remoteExtensionHostProcess.js:57:1836)
	at g.fire (/root/.vscode-server/bin/f30a9b73e8ffc278e71575118b6bf568f04587c8/out/vs/server/remoteExtensionHostProcess.js:65:15443)
	at t._receiveMessage (/root/.vscode-server/bin/f30a9b73e8ffc278e71575118b6bf568f04587c8/out/vs/server/remoteExtensionHostProcess.js:65:20693)
	at /root/.vscode-server/bin/f30a9b73e8ffc278e71575118b6bf568f04587c8/out/vs/server/remoteExtensionHostProcess.js:65:19791
	at p.fire (/root/.vscode-server/bin/f30a9b73e8ffc278e71575118b6bf568f04587c8/out/vs/server/remoteExtensionHostProcess.js:57:1836)
	at l.acceptChunk (/root/.vscode-server/bin/f30a9b73e8ffc278e71575118b6bf568f04587c8/out/vs/server/remoteExtensionHostProcess.js:65:12808)
	at /root/.vscode-server/bin/f30a9b73e8ffc278e71575118b6bf568f04587c8/out/vs/server/remoteExtensionHostProcess.js:65:12156
	at p.fire (/root/.vscode-server/bin/f30a9b73e8ffc278e71575118b6bf568f04587c8/out/vs/server/remoteExtensionHostProcess.js:57:1836)
	at /root/.vscode-server/bin/f30a9b73e8ffc278e71575118b6bf568f04587c8/out/vs/server/remoteExtensionHostProcess.js:106:18119
	at afterWrite (_stream_writable.js:490:5)
	at onwrite (_stream_writable.js:470:7)
	at InflateRaw.afterTransform (_stream_transform.js:98:3)
	at Zlib.processCallback (zlib.js:578:8)
[2021-03-08 15:16:35.621] [exthost] [warning] [Decorations] CAPPING events from decorations provider vscode.git 5000
[2021-03-08 15:20:40.766] [exthost] [warning] [Decorations] CAPPING events from decorations provider vscode.git 5000
[2021-03-08 15:23:43.070] [exthost] [warning] [Decorations] CAPPING events from decorations provider vscode.git 5000
[2021-03-08 15:26:45.139] [exthost] [warning] [Decorations] CAPPING events from decorations provider vscode.git 5000
[2021-03-08 15:29:47.324] [exthost] [warning] [Decorations] CAPPING events from decorations provider vscode.git 5000
[2021-03-08 15:33:11.852] [exthost] [warning] [Decorations] CAPPING events from decorations provider vscode.git 5052
[2021-03-08 15:36:14.305] [exthost] [warning] [Decorations] CAPPING events from decorations provider vscode.git 5001
[2021-03-08 15:39:17.702] [exthost] [warning] [Decorations] CAPPING events from decorations provider vscode.git 5000
[2021-03-08 15:42:39.436] [exthost] [warning] [Decorations] CAPPING events from decorations provider vscode.git 5000
[2021-03-08 15:54:31.709] [exthost] [warning] [Decorations] CAPPING events from decorations provider vscode.git 5000
[2021-03-08 15:59:12.314] [exthost] [warning] [Decorations] CAPPING events from decorations provider vscode.git 5000
[2021-03-08 16:03:03.781] [exthost] [warning] [Decorations] CAPPING events from decorations provider vscode.git 5000
[2021-03-08 16:03:19.943] [exthost] [info] ExtensionService#_doActivateExtension vscode.debug-server-ready {"startup":false,"extensionId":{"value":"vscode.debug-server-ready","_lower":"vscode.debug-server-ready"},"activationEvent":"onDebugResolve"}
[2021-03-08 16:03:19.943] [exthost] [info] ExtensionService#loadCommonJSModule file:///root/.vscode-server/bin/f30a9b73e8ffc278e71575118b6bf568f04587c8/extensions/debug-server-ready/dist/extension
[2021-03-08 16:06:06.323] [exthost] [warning] [Decorations] CAPPING events from decorations provider vscode.git 5000
[2021-03-08 16:11:34.324] [exthost] [warning] [Decorations] CAPPING events from decorations provider vscode.git 5000
[2021-03-08 16:14:36.342] [exthost] [warning] [Decorations] CAPPING events from decorations provider vscode.git 5000
[2021-03-08 16:18:34.014] [exthost] [warning] [Decorations] CAPPING events from decorations provider vscode.git 5000
[2021-03-08 16:21:49.644] [exthost] [warning] [Decorations] CAPPING events from decorations provider vscode.git 5000
[2021-03-08 16:24:52.008] [exthost] [warning] [Decorations] CAPPING events from decorations provider vscode.git 5000
[2021-03-08 16:31:55.245] [exthost] [warning] [Decorations] CAPPING events from decorations provider vscode.git 5000
[2021-03-08 16:35:53.370] [exthost] [warning] [Decorations] CAPPING events from decorations provider vscode.git 5000
[2021-03-08 16:38:59.182] [exthost] [warning] [Decorations] CAPPING events from decorations provider vscode.git 5000
[2021-03-08 16:48:14.352] [exthost] [warning] [Decorations] CAPPING events from decorations provider vscode.git 5000
[2021-03-08 16:59:22.309] [exthost] [warning] [Decorations] CAPPING events from decorations provider vscode.git 5000
[2021-03-08 17:03:03.197] [exthost] [warning] [Decorations] CAPPING events from decorations provider vscode.git 5000
[2021-03-08 17:06:05.665] [exthost] [warning] [Decorations] CAPPING events from decorations provider vscode.git 5000
[2021-03-08 17:09:13.927] [exthost] [warning] [Decorations] CAPPING events from decorations provider vscode.git 5000
[2021-03-08 17:12:20.242] [exthost] [warning] [Decorations] CAPPING events from decorations provider vscode.git 5000
[2021-03-08 17:15:48.462] [exthost] [warning] [Decorations] CAPPING events from decorations provider vscode.git 5000
[2021-03-08 17:22:15.033] [exthost] [warning] [Decorations] CAPPING events from decorations provider vscode.git 5000
[2021-03-08 17:37:28.735] [exthost] [warning] [Decorations] CAPPING events from decorations provider vscode.git 5000
[2021-03-08 17:58:05.482] [exthost] [warning] [Decorations] CAPPING events from decorations provider vscode.git 5000
[2021-03-08 18:01:08.523] [exthost] [warning] [Decorations] CAPPING events from decorations provider vscode.git 5001
[2021-03-08 18:03:54.696] [exthost] [info] ExtensionService#_doActivateExtension vscode.configuration-editing {"startup":false,"extensionId":{"value":"vscode.configuration-editing","_lower":"vscode.configuration-editing"},"activationEvent":"onLanguage:json"}
[2021-03-08 18:03:54.701] [exthost] [info] ExtensionService#loadCommonJSModule file:///root/.vscode-server/bin/f30a9b73e8ffc278e71575118b6bf568f04587c8/extensions/configuration-editing/dist/configurationEditingMain
[2021-03-08 18:03:54.759] [exthost] [info] ExtensionService#_doActivateExtension vscode.json-language-features {"startup":false,"extensionId":{"value":"vscode.json-language-features","_lower":"vscode.json-language-features"},"activationEvent":"onLanguage:json"}
[2021-03-08 18:03:54.760] [exthost] [info] ExtensionService#loadCommonJSModule file:///root/.vscode-server/bin/f30a9b73e8ffc278e71575118b6bf568f04587c8/extensions/json-language-features/client/dist/node/jsonClientMain
[2021-03-08 18:03:54.877] [exthost] [info] ExtensionService#_doActivateExtension vscode.npm {"startup":false,"extensionId":{"value":"vscode.npm","_lower":"vscode.npm"},"activationEvent":"onLanguage:json"}
[2021-03-08 18:03:54.877] [exthost] [info] ExtensionService#loadCommonJSModule file:///root/.vscode-server/bin/f30a9b73e8ffc278e71575118b6bf568f04587c8/extensions/npm/dist/npmMain
[2021-03-08 18:04:10.936] [exthost] [warning] [Decorations] CAPPING events from decorations provider vscode.git 5000
[2021-03-08 18:07:29.623] [exthost] [warning] [Decorations] CAPPING events from decorations provider vscode.git 5902
[2021-03-08 18:08:49.110] [exthost] [error] [vscode.json-language-features] provider FAILED
[2021-03-08 18:08:49.114] [exthost] [error] Canceled: Canceled
	at _.makeCancelError (/root/.vscode-server/bin/f30a9b73e8ffc278e71575118b6bf568f04587c8/extensions/json-language-features/client/dist/node/jsonClientMain.js:1:64088)
	at _.handleFailedRequest (/root/.vscode-server/bin/f30a9b73e8ffc278e71575118b6bf568f04587c8/extensions/json-language-features/client/dist/node/jsonClientMain.js:1:63939)
	at /root/.vscode-server/bin/f30a9b73e8ffc278e71575118b6bf568f04587c8/extensions/json-language-features/client/dist/node/jsonClientMain.js:1:24281
	at runMicrotasks (<anonymous>)
	at runNextTicks (internal/process/task_queues.js:62:5)
	at processImmediate (internal/timers.js:429:9)
[2021-03-08 18:10:54.828] [exthost] [warning] [Decorations] CAPPING events from decorations provider vscode.git 5000
[2021-03-08 18:10:56.705] [exthost] [warning] [Decorations] CAPPING events from decorations provider vscode.git 5000
[2021-03-08 18:11:55.517] [exthost] [warning] [Decorations] CAPPING events from decorations provider vscode.git 7453
[2021-03-08 18:15:06.453] [exthost] [warning] [Decorations] CAPPING events from decorations provider vscode.git 8355
[2021-03-08 18:15:08.141] [exthost] [warning] [Decorations] CAPPING events from decorations provider vscode.git 5003
[2021-03-08 18:18:18.990] [exthost] [warning] [Decorations] CAPPING events from decorations provider vscode.git 5000
[2021-03-08 18:18:21.333] [exthost] [warning] [Decorations] CAPPING events from decorations provider vscode.git 5000
[2021-03-08 18:22:23.272] [exthost] [warning] [Decorations] CAPPING events from decorations provider vscode.git 5000
[2021-03-08 18:22:25.707] [exthost] [warning] [Decorations] CAPPING events from decorations provider vscode.git 5000
[2021-03-08 18:26:58.726] [exthost] [warning] [Decorations] CAPPING events from decorations provider vscode.git 5000
[2021-03-08 18:27:01.099] [exthost] [warning] [Decorations] CAPPING events from decorations provider vscode.git 5000
[2021-03-08 18:30:05.536] [exthost] [warning] [Decorations] CAPPING events from decorations provider vscode.git 5000
[2021-03-08 18:30:07.834] [exthost] [warning] [Decorations] CAPPING events from decorations provider vscode.git 5000
[2021-03-08 18:34:25.652] [exthost] [warning] [Decorations] CAPPING events from decorations provider vscode.git 5000
[2021-03-08 18:34:27.976] [exthost] [warning] [Decorations] CAPPING events from decorations provider vscode.git 5000
[2021-03-08 18:39:21.441] [exthost] [warning] [Decorations] CAPPING events from decorations provider vscode.git 5000
[2021-03-08 18:39:23.816] [exthost] [warning] [Decorations] CAPPING events from decorations provider vscode.git 5000
[2021-03-08 18:44:46.945] [exthost] [warning] [Decorations] CAPPING events from decorations provider vscode.git 5000
[2021-03-08 18:44:49.352] [exthost] [warning] [Decorations] CAPPING events from decorations provider vscode.git 5000
[2021-03-08 18:48:52.370] [exthost] [warning] [Decorations] CAPPING events from decorations provider vscode.git 5001
[2021-03-08 18:48:54.490] [exthost] [warning] [Decorations] CAPPING events from decorations provider vscode.git 5000
[2021-03-08 18:52:30.121] [exthost] [warning] [Decorations] CAPPING events from decorations provider vscode.git 5000
[2021-03-08 18:52:32.353] [exthost] [warning] [Decorations] CAPPING events from decorations provider vscode.git 5000
[2021-03-08 18:55:33.030] [exthost] [warning] [Decorations] CAPPING events from decorations provider vscode.git 5000
[2021-03-08 18:55:35.396] [exthost] [warning] [Decorations] CAPPING events from decorations provider vscode.git 5000
[2021-03-08 19:00:33.490] [exthost] [error] Error: spawn ENOMEM
	at ChildProcess.spawn (internal/child_process.js:407:11)
	at Object.spawn (child_process.js:548:9)
	at t.Git.spawn (/root/.vscode-server/bin/f30a9b73e8ffc278e71575118b6bf568f04587c8/extensions/git/dist/main.js:1:89263)
	at t.Git.stream (/root/.vscode-server/bin/f30a9b73e8ffc278e71575118b6bf568f04587c8/extensions/git/dist/main.js:1:88387)
	at O.stream (/root/.vscode-server/bin/f30a9b73e8ffc278e71575118b6bf568f04587c8/extensions/git/dist/main.js:1:91449)
	at /root/.vscode-server/bin/f30a9b73e8ffc278e71575118b6bf568f04587c8/extensions/git/dist/main.js:1:62765
	at new Promise (<anonymous>)
	at /root/.vscode-server/bin/f30a9b73e8ffc278e71575118b6bf568f04587c8/extensions/git/dist/main.js:1:62644
	at D.retryRun (/root/.vscode-server/bin/f30a9b73e8ffc278e71575118b6bf568f04587c8/extensions/git/dist/main.js:1:64207)
	at D.run (/root/.vscode-server/bin/f30a9b73e8ffc278e71575118b6bf568f04587c8/extensions/git/dist/main.js:1:63905)
	at D.checkIgnore (/root/.vscode-server/bin/f30a9b73e8ffc278e71575118b6bf568f04587c8/extensions/git/dist/main.js:1:62622)
	at checkIgnoreSoon (/root/.vscode-server/bin/f30a9b73e8ffc278e71575118b6bf568f04587c8/extensions/git/dist/main.js:10:473015)
	at Timeout._onTimeout (/root/.vscode-server/bin/f30a9b73e8ffc278e71575118b6bf568f04587c8/extensions/git/dist/main.js:1:24462)
	at listOnTimeout (internal/timers.js:549:17)
	at processTimers (internal/timers.js:492:7)
[2021-03-08 19:00:38.218] [exthost] [error] Error: spawn ENOMEM
	at ChildProcess.spawn (internal/child_process.js:407:11)
	at Object.spawn (child_process.js:548:9)
	at t.Git.spawn (/root/.vscode-server/bin/f30a9b73e8ffc278e71575118b6bf568f04587c8/extensions/git/dist/main.js:1:89263)
	at t.Git.stream (/root/.vscode-server/bin/f30a9b73e8ffc278e71575118b6bf568f04587c8/extensions/git/dist/main.js:1:88387)
	at O.stream (/root/.vscode-server/bin/f30a9b73e8ffc278e71575118b6bf568f04587c8/extensions/git/dist/main.js:1:91449)
	at /root/.vscode-server/bin/f30a9b73e8ffc278e71575118b6bf568f04587c8/extensions/git/dist/main.js:1:62765
	at new Promise (<anonymous>)
	at /root/.vscode-server/bin/f30a9b73e8ffc278e71575118b6bf568f04587c8/extensions/git/dist/main.js:1:62644
	at D.retryRun (/root/.vscode-server/bin/f30a9b73e8ffc278e71575118b6bf568f04587c8/extensions/git/dist/main.js:1:64207)
	at D.run (/root/.vscode-server/bin/f30a9b73e8ffc278e71575118b6bf568f04587c8/extensions/git/dist/main.js:1:63905)
	at D.checkIgnore (/root/.vscode-server/bin/f30a9b73e8ffc278e71575118b6bf568f04587c8/extensions/git/dist/main.js:1:62622)
	at checkIgnoreSoon (/root/.vscode-server/bin/f30a9b73e8ffc278e71575118b6bf568f04587c8/extensions/git/dist/main.js:10:473015)
	at Timeout._onTimeout (/root/.vscode-server/bin/f30a9b73e8ffc278e71575118b6bf568f04587c8/extensions/git/dist/main.js:1:24462)
	at listOnTimeout (internal/timers.js:549:17)
	at processTimers (internal/timers.js:492:7)
[2021-03-08 19:00:38.282] [exthost] [error] Error: spawn ENOMEM
	at ChildProcess.spawn (internal/child_process.js:407:11)
	at Object.spawn (child_process.js:548:9)
	at t.Git.spawn (/root/.vscode-server/bin/f30a9b73e8ffc278e71575118b6bf568f04587c8/extensions/git/dist/main.js:1:89263)
	at t.Git.stream (/root/.vscode-server/bin/f30a9b73e8ffc278e71575118b6bf568f04587c8/extensions/git/dist/main.js:1:88387)
	at O.stream (/root/.vscode-server/bin/f30a9b73e8ffc278e71575118b6bf568f04587c8/extensions/git/dist/main.js:1:91449)
	at /root/.vscode-server/bin/f30a9b73e8ffc278e71575118b6bf568f04587c8/extensions/git/dist/main.js:1:62765
	at new Promise (<anonymous>)
	at /root/.vscode-server/bin/f30a9b73e8ffc278e71575118b6bf568f04587c8/extensions/git/dist/main.js:1:62644
	at D.retryRun (/root/.vscode-server/bin/f30a9b73e8ffc278e71575118b6bf568f04587c8/extensions/git/dist/main.js:1:64207)
	at D.run (/root/.vscode-server/bin/f30a9b73e8ffc278e71575118b6bf568f04587c8/extensions/git/dist/main.js:1:63905)
	at D.checkIgnore (/root/.vscode-server/bin/f30a9b73e8ffc278e71575118b6bf568f04587c8/extensions/git/dist/main.js:1:62622)
	at checkIgnoreSoon (/root/.vscode-server/bin/f30a9b73e8ffc278e71575118b6bf568f04587c8/extensions/git/dist/main.js:10:473015)
	at Timeout._onTimeout (/root/.vscode-server/bin/f30a9b73e8ffc278e71575118b6bf568f04587c8/extensions/git/dist/main.js:1:24462)
	at listOnTimeout (internal/timers.js:549:17)
	at processTimers (internal/timers.js:492:7)
[2021-03-08 19:00:41.490] [exthost] [error] Error: spawn ENOMEM
	at ChildProcess.spawn (internal/child_process.js:407:11)
	at Object.spawn (child_process.js:548:9)
	at t.Git.spawn (/root/.vscode-server/bin/f30a9b73e8ffc278e71575118b6bf568f04587c8/extensions/git/dist/main.js:1:89263)
	at t.Git.stream (/root/.vscode-server/bin/f30a9b73e8ffc278e71575118b6bf568f04587c8/extensions/git/dist/main.js:1:88387)
	at O.stream (/root/.vscode-server/bin/f30a9b73e8ffc278e71575118b6bf568f04587c8/extensions/git/dist/main.js:1:91449)
	at /root/.vscode-server/bin/f30a9b73e8ffc278e71575118b6bf568f04587c8/extensions/git/dist/main.js:1:62765
	at new Promise (<anonymous>)
	at /root/.vscode-server/bin/f30a9b73e8ffc278e71575118b6bf568f04587c8/extensions/git/dist/main.js:1:62644
	at D.retryRun (/root/.vscode-server/bin/f30a9b73e8ffc278e71575118b6bf568f04587c8/extensions/git/dist/main.js:1:64207)
	at D.run (/root/.vscode-server/bin/f30a9b73e8ffc278e71575118b6bf568f04587c8/extensions/git/dist/main.js:1:63905)
	at D.checkIgnore (/root/.vscode-server/bin/f30a9b73e8ffc278e71575118b6bf568f04587c8/extensions/git/dist/main.js:1:62622)
	at checkIgnoreSoon (/root/.vscode-server/bin/f30a9b73e8ffc278e71575118b6bf568f04587c8/extensions/git/dist/main.js:10:473015)
	at Timeout._onTimeout (/root/.vscode-server/bin/f30a9b73e8ffc278e71575118b6bf568f04587c8/extensions/git/dist/main.js:1:24462)
	at listOnTimeout (internal/timers.js:549:17)
	at processTimers (internal/timers.js:492:7)
[2021-03-08 19:00:41.543] [exthost] [error] Error: spawn ENOMEM
	at ChildProcess.spawn (internal/child_process.js:407:11)
	at Object.spawn (child_process.js:548:9)
	at t.Git.spawn (/root/.vscode-server/bin/f30a9b73e8ffc278e71575118b6bf568f04587c8/extensions/git/dist/main.js:1:89263)
	at t.Git.stream (/root/.vscode-server/bin/f30a9b73e8ffc278e71575118b6bf568f04587c8/extensions/git/dist/main.js:1:88387)
	at O.stream (/root/.vscode-server/bin/f30a9b73e8ffc278e71575118b6bf568f04587c8/extensions/git/dist/main.js:1:91449)
	at /root/.vscode-server/bin/f30a9b73e8ffc278e71575118b6bf568f04587c8/extensions/git/dist/main.js:1:62765
	at new Promise (<anonymous>)
	at /root/.vscode-server/bin/f30a9b73e8ffc278e71575118b6bf568f04587c8/extensions/git/dist/main.js:1:62644
	at D.retryRun (/root/.vscode-server/bin/f30a9b73e8ffc278e71575118b6bf568f04587c8/extensions/git/dist/main.js:1:64207)
	at D.run (/root/.vscode-server/bin/f30a9b73e8ffc278e71575118b6bf568f04587c8/extensions/git/dist/main.js:1:63905)
	at D.checkIgnore (/root/.vscode-server/bin/f30a9b73e8ffc278e71575118b6bf568f04587c8/extensions/git/dist/main.js:1:62622)
	at checkIgnoreSoon (/root/.vscode-server/bin/f30a9b73e8ffc278e71575118b6bf568f04587c8/extensions/git/dist/main.js:10:473015)
	at Timeout._onTimeout (/root/.vscode-server/bin/f30a9b73e8ffc278e71575118b6bf568f04587c8/extensions/git/dist/main.js:1:24462)
	at listOnTimeout (internal/timers.js:549:17)
	at processTimers (internal/timers.js:492:7)
[2021-03-08 19:00:41.594] [exthost] [error] Error: spawn ENOMEM
	at ChildProcess.spawn (internal/child_process.js:407:11)
	at Object.spawn (child_process.js:548:9)
	at t.Git.spawn (/root/.vscode-server/bin/f30a9b73e8ffc278e71575118b6bf568f04587c8/extensions/git/dist/main.js:1:89263)
	at t.Git.stream (/root/.vscode-server/bin/f30a9b73e8ffc278e71575118b6bf568f04587c8/extensions/git/dist/main.js:1:88387)
	at O.stream (/root/.vscode-server/bin/f30a9b73e8ffc278e71575118b6bf568f04587c8/extensions/git/dist/main.js:1:91449)
	at /root/.vscode-server/bin/f30a9b73e8ffc278e71575118b6bf568f04587c8/extensions/git/dist/main.js:1:62765
	at new Promise (<anonymous>)
	at /root/.vscode-server/bin/f30a9b73e8ffc278e71575118b6bf568f04587c8/extensions/git/dist/main.js:1:62644
	at D.retryRun (/root/.vscode-server/bin/f30a9b73e8ffc278e71575118b6bf568f04587c8/extensions/git/dist/main.js:1:64207)
	at D.run (/root/.vscode-server/bin/f30a9b73e8ffc278e71575118b6bf568f04587c8/extensions/git/dist/main.js:1:63905)
	at D.checkIgnore (/root/.vscode-server/bin/f30a9b73e8ffc278e71575118b6bf568f04587c8/extensions/git/dist/main.js:1:62622)
	at checkIgnoreSoon (/root/.vscode-server/bin/f30a9b73e8ffc278e71575118b6bf568f04587c8/extensions/git/dist/main.js:10:473015)
	at Timeout._onTimeout (/root/.vscode-server/bin/f30a9b73e8ffc278e71575118b6bf568f04587c8/extensions/git/dist/main.js:1:24462)
	at listOnTimeout (internal/timers.js:549:17)
	at processTimers (internal/timers.js:492:7)
[2021-03-08 19:06:41.309] [exthost] [warning] [Decorations] CAPPING events from decorations provider vscode.git 5000
[2021-03-08 19:06:43.605] [exthost] [warning] [Decorations] CAPPING events from decorations provider vscode.git 5000
[2021-03-08 19:16:09.563] [exthost] [warning] [Decorations] CAPPING events from decorations provider vscode.git 5000
[2021-03-08 19:16:11.603] [exthost] [warning] [Decorations] CAPPING events from decorations provider vscode.git 5000
[2021-03-08 19:21:04.409] [exthost] [warning] [Decorations] CAPPING events from decorations provider vscode.git 5000
[2021-03-08 19:21:06.585] [exthost] [warning] [Decorations] CAPPING events from decorations provider vscode.git 5000
[2021-03-08 19:21:08.313] [exthost] [info] extension host terminating: received terminate message from renderer
[2021-03-08 19:21:09.365] [exthost] [info] exiting with code 0
