Looking for git in: git
Using git 2.17.1 from git
> git rev-parse --git-dir
Open repository: /root/ping-pong-bot/my-bot
> git fetch
> git status -z -u
> git symbolic-ref --short HEAD
> git for-each-ref --format=%(refname)%00%(upstream:short)%00%(upstream:track)%00%(objectname) refs/heads/main refs/remotes/main
> git for-each-ref --sort -committerdate --format %(refname) %(objectname) %(*objectname)
> git remote --verbose
> git config --get commit.template
> git status -z -u
> git symbolic-ref --short HEAD
> git for-each-ref --format=%(refname)%00%(upstream:short)%00%(upstream:track)%00%(objectname) refs/heads/main refs/remotes/main
> git for-each-ref --sort -committerdate --format %(refname) %(objectname) %(*objectname)
> git remote --verbose
> git config --get commit.template
> git show --textconv :.gitignore
> git ls-files --stage -- /root/ping-pong-bot/my-bot/.gitignore
> git cat-file -s bfcdcef98e421699e920830340f785623e34dc81
> git check-ignore -v -z --stdin
> git ls-files --stage -- /root/ping-pong-bot/my-bot/.gitignore
> git cat-file -s bfcdcef98e421699e920830340f785623e34dc81
> git show --textconv :.gitignore
> git status -z -u
> git symbolic-ref --short HEAD
> git for-each-ref --format=%(refname)%00%(upstream:short)%00%(upstream:track)%00%(objectname) refs/heads/main refs/remotes/main
> git for-each-ref --sort -committerdate --format %(refname) %(objectname) %(*objectname)
> git remote --verbose
> git config --get commit.template
> git check-ignore -v -z --stdin
