[Info  - 12:49:18.366] Starting TS Server 
[Info  - 12:49:18.366] Using tsserver from: /root/.vscode-server/bin/f30a9b73e8ffc278e71575118b6bf568f04587c8/extensions/node_modules/typescript/lib/tsserver.js
[Info  - 12:49:18.367] <syntax> Forking...
[Info  - 12:49:18.373] <syntax> Starting...
[Info  - 12:49:18.373] <semantic> Forking...
[Info  - 12:49:18.381] <semantic> Starting...
[Info  - 12:57:37.891] TSServer exited
[Info  - 12:57:37.893] Starting TS Server 
[Info  - 12:57:37.893] Using tsserver from: /root/.vscode-server/bin/f30a9b73e8ffc278e71575118b6bf568f04587c8/extensions/node_modules/typescript/lib/tsserver.js
[Info  - 12:57:37.900] <syntax> Forking...
[Info  - 12:57:37.909] <syntax> Starting...
[Info  - 12:57:37.910] <semantic> Forking...
[Info  - 12:57:37.918] <semantic> Starting...
[Info  - 13:02:53.673] TSServer exited
[Info  - 13:02:53.676] Starting TS Server 
[Info  - 13:02:53.677] Using tsserver from: /root/.vscode-server/bin/f30a9b73e8ffc278e71575118b6bf568f04587c8/extensions/node_modules/typescript/lib/tsserver.js
[Info  - 13:02:53.687] <syntax> Forking...
[Info  - 13:02:53.698] <syntax> Starting...
[Info  - 13:02:53.699] <semantic> Forking...
[Info  - 13:02:53.707] <semantic> Starting...
[Info  - 13:10:41.724] Killing TS Server
[Info  - 13:10:41.731] TSServer exited
[Info  - 13:10:41.732] Starting TS Server 
[Info  - 13:10:41.732] Using tsserver from: /root/.vscode-server/bin/f30a9b73e8ffc278e71575118b6bf568f04587c8/extensions/node_modules/typescript/lib/tsserver.js
[Info  - 13:10:41.737] <syntax> Forking...
[Info  - 13:10:41.746] <syntax> Starting...
[Info  - 13:10:41.747] <semantic> Forking...
[Info  - 13:10:41.754] <semantic> Starting...
[Info  - 13:15:12.221] TSServer exited
[Info  - 13:15:12.224] Starting TS Server 
[Info  - 13:15:12.225] Using tsserver from: /root/.vscode-server/bin/f30a9b73e8ffc278e71575118b6bf568f04587c8/extensions/node_modules/typescript/lib/tsserver.js
[Info  - 13:15:12.236] <syntax> Forking...
[Info  - 13:15:12.245] <syntax> Starting...
[Info  - 13:15:12.246] <semantic> Forking...
[Info  - 13:15:12.254] <semantic> Starting...
[Info  - 13:21:49.720] TSServer exited
[Info  - 13:21:49.722] Starting TS Server 
[Info  - 13:21:49.722] Using tsserver from: /root/.vscode-server/bin/f30a9b73e8ffc278e71575118b6bf568f04587c8/extensions/node_modules/typescript/lib/tsserver.js
[Info  - 13:21:49.728] <syntax> Forking...
[Info  - 13:21:49.738] <syntax> Starting...
[Info  - 13:21:49.739] <semantic> Forking...
[Info  - 13:21:49.747] <semantic> Starting...
[Info  - 13:24:56.187] TSServer exited
[Info  - 13:24:56.199] Starting TS Server 
[Info  - 13:24:56.199] Using tsserver from: /root/.vscode-server/bin/f30a9b73e8ffc278e71575118b6bf568f04587c8/extensions/node_modules/typescript/lib/tsserver.js
[Info  - 13:24:56.207] <syntax> Forking...
[Info  - 13:24:56.222] <syntax> Starting...
[Info  - 13:24:56.223] <semantic> Forking...
[Info  - 13:24:56.232] <semantic> Starting...
[Info  - 14:58:10.368] TSServer exited
[Info  - 14:58:10.371] Starting TS Server 
[Info  - 14:58:10.371] Using tsserver from: /root/.vscode-server/bin/f30a9b73e8ffc278e71575118b6bf568f04587c8/extensions/node_modules/typescript/lib/tsserver.js
[Info  - 14:58:10.382] <syntax> Forking...
[Info  - 14:58:10.392] <syntax> Starting...
[Info  - 14:58:10.393] <semantic> Forking...
[Info  - 14:58:10.400] <semantic> Starting...
[Info  - 15:00:18.296] TSServer exited
[Info  - 15:00:18.299] Starting TS Server 
[Info  - 15:00:18.299] Using tsserver from: /root/.vscode-server/bin/f30a9b73e8ffc278e71575118b6bf568f04587c8/extensions/node_modules/typescript/lib/tsserver.js
[Info  - 15:00:18.306] <syntax> Forking...
[Info  - 15:00:18.316] <syntax> Starting...
[Info  - 15:00:18.317] <semantic> Forking...
[Info  - 15:00:18.323] <semantic> Starting...
[Info  - 15:04:49.91] TSServer exited
[Info  - 15:04:49.96] Starting TS Server 
[Info  - 15:04:49.96] Using tsserver from: /root/.vscode-server/bin/f30a9b73e8ffc278e71575118b6bf568f04587c8/extensions/node_modules/typescript/lib/tsserver.js
[Info  - 15:04:49.109] <syntax> Forking...
[Info  - 15:04:49.140] <syntax> Starting...
[Info  - 15:04:49.143] <semantic> Forking...
[Info  - 15:04:49.155] <semantic> Starting...
[Info  - 15:08:36.135] TSServer exited
[Info  - 15:08:36.138] Starting TS Server 
[Info  - 15:08:36.138] Using tsserver from: /root/.vscode-server/bin/f30a9b73e8ffc278e71575118b6bf568f04587c8/extensions/node_modules/typescript/lib/tsserver.js
[Info  - 15:08:36.147] <syntax> Forking...
[Info  - 15:08:36.157] <syntax> Starting...
[Info  - 15:08:36.159] <semantic> Forking...
[Info  - 15:08:36.168] <semantic> Starting...
[Info  - 15:13:52.440] Killing TS Server
[Info  - 15:13:52.448] TSServer exited
[Info  - 15:13:52.449] Starting TS Server 
[Info  - 15:13:52.449] Using tsserver from: /root/.vscode-server/bin/f30a9b73e8ffc278e71575118b6bf568f04587c8/extensions/node_modules/typescript/lib/tsserver.js
[Info  - 15:13:52.453] <syntax> Forking...
[Info  - 15:13:52.462] <syntax> Starting...
[Info  - 15:13:52.463] <semantic> Forking...
[Info  - 15:13:52.474] <semantic> Starting...
[Info  - 15:22:11.445] TSServer exited
[Info  - 15:22:11.446] Starting TS Server 
[Info  - 15:22:11.446] Using tsserver from: /root/.vscode-server/bin/f30a9b73e8ffc278e71575118b6bf568f04587c8/extensions/node_modules/typescript/lib/tsserver.js
[Info  - 15:22:11.453] <syntax> Forking...
[Info  - 15:22:11.465] <syntax> Starting...
[Info  - 15:22:11.466] <semantic> Forking...
[Info  - 15:22:11.476] <semantic> Starting...
[Info  - 15:31:02.817] TSServer exited
[Info  - 15:31:02.823] Starting TS Server 
[Info  - 15:31:02.823] Using tsserver from: /root/.vscode-server/bin/f30a9b73e8ffc278e71575118b6bf568f04587c8/extensions/node_modules/typescript/lib/tsserver.js
[Info  - 15:31:02.831] <syntax> Forking...
[Info  - 15:31:02.844] <syntax> Starting...
[Info  - 15:31:02.845] <semantic> Forking...
[Info  - 15:31:02.859] <semantic> Starting...
[Info  - 16:23:47.733] TSServer exited
[Info  - 16:23:47.735] Starting TS Server 
[Info  - 16:23:47.736] Using tsserver from: /root/.vscode-server/bin/f30a9b73e8ffc278e71575118b6bf568f04587c8/extensions/node_modules/typescript/lib/tsserver.js
[Info  - 16:23:47.746] <syntax> Forking...
[Info  - 16:23:47.757] <syntax> Starting...
[Info  - 16:23:47.758] <semantic> Forking...
[Info  - 16:23:47.770] <semantic> Starting...
[Info  - 17:06:15.291] TSServer exited
[Info  - 17:06:15.294] Starting TS Server 
[Info  - 17:06:15.294] Using tsserver from: /root/.vscode-server/bin/f30a9b73e8ffc278e71575118b6bf568f04587c8/extensions/node_modules/typescript/lib/tsserver.js
[Info  - 17:06:15.325] <syntax> Forking...
[Info  - 17:06:15.343] <syntax> Starting...
[Info  - 17:06:15.344] <semantic> Forking...
[Info  - 17:06:15.355] <semantic> Starting...
[Info  - 17:16:34.534] TSServer exited
[Info  - 17:16:34.537] Starting TS Server 
[Info  - 17:16:34.537] Using tsserver from: /root/.vscode-server/bin/f30a9b73e8ffc278e71575118b6bf568f04587c8/extensions/node_modules/typescript/lib/tsserver.js
[Info  - 17:16:34.547] <syntax> Forking...
[Info  - 17:16:34.561] <syntax> Starting...
[Info  - 17:16:34.562] <semantic> Forking...
[Info  - 17:16:34.573] <semantic> Starting...
[Info  - 19:21:08.458] TSServer exited
[Info  - 19:21:08.458] Starting TS Server 
[Info  - 19:21:08.458] Not starting server. Disposed 
