[Info  - 13:36:44.941] Starting TS Server 
[Info  - 13:36:44.941] Using tsserver from: /root/.vscode-server/bin/f30a9b73e8ffc278e71575118b6bf568f04587c8/extensions/node_modules/typescript/lib/tsserver.js
[Info  - 13:36:44.943] <syntax> Forking...
[Info  - 13:36:44.954] <syntax> Starting...
[Info  - 13:36:44.955] <semantic> Forking...
[Info  - 13:36:44.964] <semantic> Starting...
[Info  - 16:28:53.224] TSServer exited
[Info  - 16:28:53.226] Starting TS Server 
[Info  - 16:28:53.226] Using tsserver from: /root/.vscode-server/bin/f30a9b73e8ffc278e71575118b6bf568f04587c8/extensions/node_modules/typescript/lib/tsserver.js
[Info  - 16:28:53.232] <syntax> Forking...
[Info  - 16:28:53.242] <syntax> Starting...
[Info  - 16:28:53.243] <semantic> Forking...
[Info  - 16:28:53.250] <semantic> Starting...
[Info  - 16:43:05.304] TSServer exited
[Info  - 16:43:05.305] Starting TS Server 
[Info  - 16:43:05.306] Using tsserver from: /root/.vscode-server/bin/f30a9b73e8ffc278e71575118b6bf568f04587c8/extensions/node_modules/typescript/lib/tsserver.js
[Info  - 16:43:05.314] <syntax> Forking...
[Info  - 16:43:05.324] <syntax> Starting...
[Info  - 16:43:05.325] <semantic> Forking...
[Info  - 16:43:05.338] <semantic> Starting...
[Info  - 17:22:35.205] TSServer exited
[Info  - 17:22:35.208] Starting TS Server 
[Info  - 17:22:35.208] Using tsserver from: /root/.vscode-server/bin/f30a9b73e8ffc278e71575118b6bf568f04587c8/extensions/node_modules/typescript/lib/tsserver.js
[Info  - 17:22:35.218] <syntax> Forking...
[Info  - 17:22:35.227] <syntax> Starting...
[Info  - 17:22:35.228] <semantic> Forking...
[Info  - 17:22:35.235] <semantic> Starting...
[Info  - 17:40:00.18] TSServer exited
[Info  - 17:40:00.21] Starting TS Server 
[Info  - 17:40:00.22] Using tsserver from: /root/.vscode-server/bin/f30a9b73e8ffc278e71575118b6bf568f04587c8/extensions/node_modules/typescript/lib/tsserver.js
[Info  - 17:40:00.32] <syntax> Forking...
[Info  - 17:40:00.43] <syntax> Starting...
[Info  - 17:40:00.44] <semantic> Forking...
[Info  - 17:40:00.53] <semantic> Starting...
[Info  - 18:45:28.872] TSServer exited
[Info  - 18:45:28.876] Starting TS Server 
[Info  - 18:45:28.876] Using tsserver from: /root/.vscode-server/bin/f30a9b73e8ffc278e71575118b6bf568f04587c8/extensions/node_modules/typescript/lib/tsserver.js
[Info  - 18:45:28.889] <syntax> Forking...
[Info  - 18:45:28.900] <syntax> Starting...
[Info  - 18:45:28.900] <semantic> Forking...
[Info  - 18:45:28.908] <semantic> Starting...
[Info  - 18:47:02.681] TSServer exited
[Info  - 18:47:02.691] Starting TS Server 
[Info  - 18:47:02.691] Using tsserver from: /root/.vscode-server/bin/f30a9b73e8ffc278e71575118b6bf568f04587c8/extensions/node_modules/typescript/lib/tsserver.js
[Info  - 18:47:02.699] <syntax> Forking...
[Info  - 18:47:02.711] <syntax> Starting...
[Info  - 18:47:02.712] <semantic> Forking...
[Info  - 18:47:02.720] <semantic> Starting...
[Info  - 18:51:03.959] TSServer exited
[Info  - 18:51:03.959] Starting TS Server 
[Info  - 18:51:03.959] Using tsserver from: /root/.vscode-server/bin/f30a9b73e8ffc278e71575118b6bf568f04587c8/extensions/node_modules/typescript/lib/tsserver.js
[Info  - 18:51:03.971] <syntax> Forking...
[Info  - 18:51:03.978] <syntax> Starting...
[Info  - 18:51:03.979] <semantic> Forking...
[Info  - 18:51:03.984] <semantic> Starting...
[Info  - 19:18:20.81] Killing TS Server
[Info  - 19:18:20.89] TSServer exited
[Info  - 19:18:20.90] Starting TS Server 
[Info  - 19:18:20.90] Using tsserver from: /root/.vscode-server/bin/f30a9b73e8ffc278e71575118b6bf568f04587c8/extensions/node_modules/typescript/lib/tsserver.js
[Info  - 19:18:20.101] <syntax> Forking...
[Info  - 19:18:20.114] <syntax> Starting...
[Info  - 19:18:20.115] <semantic> Forking...
[Info  - 19:18:20.125] <semantic> Starting...
[Info  - 23:00:49.29] TSServer exited
[Info  - 23:00:49.29] Starting TS Server 
[Info  - 23:00:49.29] Not starting server. Disposed 
