[2021-03-11 17:55:59.857] [exthost] [info] extension host started
[2021-03-11 17:55:59.972] [exthost] [info] ExtensionService#_doActivateExtension vscode.debug-auto-launch {"startup":true,"extensionId":{"value":"vscode.debug-auto-launch","_lower":"vscode.debug-auto-launch"},"activationEvent":"*"}
[2021-03-11 17:55:59.977] [exthost] [info] ExtensionService#loadCommonJSModule file:///root/.vscode-server/bin/f30a9b73e8ffc278e71575118b6bf568f04587c8/extensions/debug-auto-launch/dist/extension
[2021-03-11 17:55:59.992] [exthost] [info] ExtensionService#_doActivateExtension vscode.git {"startup":true,"extensionId":{"value":"vscode.github","_lower":"vscode.github"},"activationEvent":"*"}
[2021-03-11 17:56:00.005] [exthost] [info] ExtensionService#loadCommonJSModule file:///root/.vscode-server/bin/f30a9b73e8ffc278e71575118b6bf568f04587c8/extensions/git/dist/main
[2021-03-11 17:56:00.449] [exthost] [info] ExtensionService#_doActivateExtension vscode.github {"startup":true,"extensionId":{"value":"vscode.github","_lower":"vscode.github"},"activationEvent":"*"}
[2021-03-11 17:56:00.449] [exthost] [info] ExtensionService#loadCommonJSModule file:///root/.vscode-server/bin/f30a9b73e8ffc278e71575118b6bf568f04587c8/extensions/github/dist/extension.js
[2021-03-11 17:56:00.692] [exthost] [info] ExtensionService#_doActivateExtension vscode.emmet {"startup":false,"extensionId":{"value":"vscode.emmet","_lower":"vscode.emmet"},"activationEvent":"onStartupFinished"}
[2021-03-11 17:56:00.693] [exthost] [info] ExtensionService#loadCommonJSModule file:///root/.vscode-server/bin/f30a9b73e8ffc278e71575118b6bf568f04587c8/extensions/emmet/dist/node/emmetNodeMain
[2021-03-11 17:56:00.786] [exthost] [info] ExtensionService#_doActivateExtension vscode.merge-conflict {"startup":false,"extensionId":{"value":"vscode.merge-conflict","_lower":"vscode.merge-conflict"},"activationEvent":"onStartupFinished"}
[2021-03-11 17:56:00.815] [exthost] [info] ExtensionService#loadCommonJSModule file:///root/.vscode-server/bin/f30a9b73e8ffc278e71575118b6bf568f04587c8/extensions/merge-conflict/dist/mergeConflictMain
[2021-03-11 17:56:00.844] [exthost] [info] ExtensionService#_doActivateExtension vscode.testing-editor-contributions {"startup":false,"extensionId":{"value":"vscode.testing-editor-contributions","_lower":"vscode.testing-editor-contributions"},"activationEvent":"onStartupFinished"}
[2021-03-11 17:56:00.844] [exthost] [info] ExtensionService#loadCommonJSModule file:///root/.vscode-server/bin/f30a9b73e8ffc278e71575118b6bf568f04587c8/extensions/testing-editor-contributions/dist/extension.js
[2021-03-11 17:56:00.858] [exthost] [info] eager extensions activated
[2021-03-11 17:56:00.916] [exthost] [info] ExtensionService#_doActivateExtension ms-vscode.js-debug {"startup":false,"extensionId":{"value":"ms-vscode.js-debug","_lower":"ms-vscode.js-debug"},"activationEvent":"onCommand:extension.js-debug.clearAutoAttachVariables"}
[2021-03-11 17:56:00.918] [exthost] [info] ExtensionService#loadCommonJSModule file:///root/.vscode-server/bin/f30a9b73e8ffc278e71575118b6bf568f04587c8/extensions/ms-vscode.js-debug/src/extension.js
[2021-03-11 18:06:33.120] [exthost] [info] ExtensionService#_doActivateExtension vscode.configuration-editing {"startup":false,"extensionId":{"value":"vscode.configuration-editing","_lower":"vscode.configuration-editing"},"activationEvent":"onLanguage:json"}
[2021-03-11 18:06:33.120] [exthost] [info] ExtensionService#loadCommonJSModule file:///root/.vscode-server/bin/f30a9b73e8ffc278e71575118b6bf568f04587c8/extensions/configuration-editing/dist/configurationEditingMain
[2021-03-11 18:06:33.138] [exthost] [info] ExtensionService#_doActivateExtension vscode.extension-editing {"startup":false,"extensionId":{"value":"vscode.extension-editing","_lower":"vscode.extension-editing"},"activationEvent":"onLanguage:json"}
[2021-03-11 18:06:33.138] [exthost] [info] ExtensionService#loadCommonJSModule file:///root/.vscode-server/bin/f30a9b73e8ffc278e71575118b6bf568f04587c8/extensions/extension-editing/dist/extensionEditingMain
[2021-03-11 18:06:33.152] [exthost] [info] ExtensionService#_doActivateExtension vscode.json-language-features {"startup":false,"extensionId":{"value":"vscode.json-language-features","_lower":"vscode.json-language-features"},"activationEvent":"onLanguage:json"}
[2021-03-11 18:06:33.153] [exthost] [info] ExtensionService#loadCommonJSModule file:///root/.vscode-server/bin/f30a9b73e8ffc278e71575118b6bf568f04587c8/extensions/json-language-features/client/dist/node/jsonClientMain
[2021-03-11 18:06:33.196] [exthost] [info] ExtensionService#_doActivateExtension vscode.npm {"startup":false,"extensionId":{"value":"vscode.npm","_lower":"vscode.npm"},"activationEvent":"onLanguage:json"}
[2021-03-11 18:06:33.196] [exthost] [info] ExtensionService#loadCommonJSModule file:///root/.vscode-server/bin/f30a9b73e8ffc278e71575118b6bf568f04587c8/extensions/npm/dist/npmMain
[2021-03-11 18:06:33.685] [exthost] [info] ExtensionService#_doActivateExtension vscode.typescript-language-features {"startup":false,"extensionId":{"value":"vscode.typescript-language-features","_lower":"vscode.typescript-language-features"},"activationEvent":"onLanguage:jsonc"}
[2021-03-11 18:06:33.685] [exthost] [info] ExtensionService#loadCommonJSModule file:///root/.vscode-server/bin/f30a9b73e8ffc278e71575118b6bf568f04587c8/extensions/typescript-language-features/dist/extension
[2021-03-11 18:07:49.188] [exthost] [info] extension host terminating: received terminate message from renderer
[2021-03-11 18:07:50.204] [exthost] [info] exiting with code 0
